<?xml version="1.0" encoding="UTF-8"?>
<!-- Generated by org.testng.reporters.JUnitReportReporter -->
<testsuite hostname="Tony-Stark.local" failures="0" tests="1" name="automac.TNGFrameworkTest" time="0.013" errors="0" timestamp="2021-06-14T23:22:37 MYT" skipped="0">
  <testcase classname="automac.TNGFrameworkTest" name="f" time="0.013"/>
  <system-out/>
</testsuite> <!-- automac.TNGFrameworkTest -->
